2018-02-16 13:35:05 [main] INFO  PluginsService:175 - no modules loaded
2018-02-16 13:35:05 [main] INFO  PluginsService:178 - loaded plugin [org.elasticsearch.index.reindex.ReindexPlugin]
2018-02-16 13:35:05 [main] INFO  PluginsService:178 - loaded plugin [org.elasticsearch.join.ParentJoinPlugin]
2018-02-16 13:35:05 [main] INFO  PluginsService:178 - loaded plugin [org.elasticsearch.percolator.PercolatorPlugin]
2018-02-16 13:35:05 [main] INFO  PluginsService:178 - loaded plugin [org.elasticsearch.script.mustache.MustachePlugin]
2018-02-16 13:35:05 [main] INFO  PluginsService:178 - loaded plugin [org.elasticsearch.transport.Netty3Plugin]
2018-02-16 13:35:05 [main] INFO  PluginsService:178 - loaded plugin [org.elasticsearch.transport.Netty4Plugin]
2018-02-16 13:35:08 [main] WARN  TransportClientNodesService:420 - node {#transport#-1}{r247PCeYRcOrX-GU-zfk8Q}{localhost}{127.0.0.1:9300} not part of the cluster Cluster [elasticsearch_abhisheksrivastava], ignoring...
2018-02-16 13:36:26 [main] INFO  PluginsService:175 - no modules loaded
2018-02-16 13:36:26 [main] INFO  PluginsService:178 - loaded plugin [org.elasticsearch.index.reindex.ReindexPlugin]
2018-02-16 13:36:26 [main] INFO  PluginsService:178 - loaded plugin [org.elasticsearch.join.ParentJoinPlugin]
2018-02-16 13:36:26 [main] INFO  PluginsService:178 - loaded plugin [org.elasticsearch.percolator.PercolatorPlugin]
2018-02-16 13:36:26 [main] INFO  PluginsService:178 - loaded plugin [org.elasticsearch.script.mustache.MustachePlugin]
2018-02-16 13:36:26 [main] INFO  PluginsService:178 - loaded plugin [org.elasticsearch.transport.Netty3Plugin]
2018-02-16 13:36:26 [main] INFO  PluginsService:178 - loaded plugin [org.elasticsearch.transport.Netty4Plugin]
2018-02-16 13:36:29 [main] WARN  TransportClientNodesService:420 - node {#transport#-1}{VTMWhMEuQkG7EZ4fFvxQtw}{localhost}{127.0.0.1:9300} not part of the cluster Cluster [elasticsearch_Vikat], ignoring...
2018-02-16 13:36:40 [main] INFO  PluginsService:175 - no modules loaded
2018-02-16 13:36:40 [main] INFO  PluginsService:178 - loaded plugin [org.elasticsearch.index.reindex.ReindexPlugin]
2018-02-16 13:36:40 [main] INFO  PluginsService:178 - loaded plugin [org.elasticsearch.join.ParentJoinPlugin]
2018-02-16 13:36:40 [main] INFO  PluginsService:178 - loaded plugin [org.elasticsearch.percolator.PercolatorPlugin]
2018-02-16 13:36:40 [main] INFO  PluginsService:178 - loaded plugin [org.elasticsearch.script.mustache.MustachePlugin]
2018-02-16 13:36:40 [main] INFO  PluginsService:178 - loaded plugin [org.elasticsearch.transport.Netty3Plugin]
2018-02-16 13:36:40 [main] INFO  PluginsService:178 - loaded plugin [org.elasticsearch.transport.Netty4Plugin]
2018-02-16 13:52:24 [main] INFO  PluginsService:175 - no modules loaded
2018-02-16 13:52:24 [main] INFO  PluginsService:178 - loaded plugin [org.elasticsearch.index.reindex.ReindexPlugin]
2018-02-16 13:52:24 [main] INFO  PluginsService:178 - loaded plugin [org.elasticsearch.join.ParentJoinPlugin]
2018-02-16 13:52:24 [main] INFO  PluginsService:178 - loaded plugin [org.elasticsearch.percolator.PercolatorPlugin]
2018-02-16 13:52:24 [main] INFO  PluginsService:178 - loaded plugin [org.elasticsearch.script.mustache.MustachePlugin]
2018-02-16 13:52:24 [main] INFO  PluginsService:178 - loaded plugin [org.elasticsearch.transport.Netty3Plugin]
2018-02-16 13:52:24 [main] INFO  PluginsService:178 - loaded plugin [org.elasticsearch.transport.Netty4Plugin]
2018-02-16 15:09:06 [main] INFO  PluginsService:175 - no modules loaded
2018-02-16 15:09:06 [main] INFO  PluginsService:178 - loaded plugin [org.elasticsearch.index.reindex.ReindexPlugin]
2018-02-16 15:09:06 [main] INFO  PluginsService:178 - loaded plugin [org.elasticsearch.join.ParentJoinPlugin]
2018-02-16 15:09:06 [main] INFO  PluginsService:178 - loaded plugin [org.elasticsearch.percolator.PercolatorPlugin]
2018-02-16 15:09:06 [main] INFO  PluginsService:178 - loaded plugin [org.elasticsearch.script.mustache.MustachePlugin]
2018-02-16 15:09:06 [main] INFO  PluginsService:178 - loaded plugin [org.elasticsearch.transport.Netty3Plugin]
2018-02-16 15:09:06 [main] INFO  PluginsService:178 - loaded plugin [org.elasticsearch.transport.Netty4Plugin]
2018-02-16 15:17:53 [main] INFO  PluginsService:175 - no modules loaded
2018-02-16 15:17:53 [main] INFO  PluginsService:178 - loaded plugin [org.elasticsearch.index.reindex.ReindexPlugin]
2018-02-16 15:17:53 [main] INFO  PluginsService:178 - loaded plugin [org.elasticsearch.join.ParentJoinPlugin]
2018-02-16 15:17:53 [main] INFO  PluginsService:178 - loaded plugin [org.elasticsearch.percolator.PercolatorPlugin]
2018-02-16 15:17:53 [main] INFO  PluginsService:178 - loaded plugin [org.elasticsearch.script.mustache.MustachePlugin]
2018-02-16 15:17:53 [main] INFO  PluginsService:178 - loaded plugin [org.elasticsearch.transport.Netty3Plugin]
2018-02-16 15:17:53 [main] INFO  PluginsService:178 - loaded plugin [org.elasticsearch.transport.Netty4Plugin]
2018-02-16 15:18:15 [main] INFO  PluginsService:175 - no modules loaded
2018-02-16 15:18:15 [main] INFO  PluginsService:178 - loaded plugin [org.elasticsearch.index.reindex.ReindexPlugin]
2018-02-16 15:18:15 [main] INFO  PluginsService:178 - loaded plugin [org.elasticsearch.join.ParentJoinPlugin]
2018-02-16 15:18:15 [main] INFO  PluginsService:178 - loaded plugin [org.elasticsearch.percolator.PercolatorPlugin]
2018-02-16 15:18:15 [main] INFO  PluginsService:178 - loaded plugin [org.elasticsearch.script.mustache.MustachePlugin]
2018-02-16 15:18:15 [main] INFO  PluginsService:178 - loaded plugin [org.elasticsearch.transport.Netty3Plugin]
2018-02-16 15:18:15 [main] INFO  PluginsService:178 - loaded plugin [org.elasticsearch.transport.Netty4Plugin]
2018-02-16 15:18:33 [main] INFO  PluginsService:175 - no modules loaded
2018-02-16 15:18:33 [main] INFO  PluginsService:178 - loaded plugin [org.elasticsearch.index.reindex.ReindexPlugin]
2018-02-16 15:18:33 [main] INFO  PluginsService:178 - loaded plugin [org.elasticsearch.join.ParentJoinPlugin]
2018-02-16 15:18:33 [main] INFO  PluginsService:178 - loaded plugin [org.elasticsearch.percolator.PercolatorPlugin]
2018-02-16 15:18:33 [main] INFO  PluginsService:178 - loaded plugin [org.elasticsearch.script.mustache.MustachePlugin]
2018-02-16 15:18:33 [main] INFO  PluginsService:178 - loaded plugin [org.elasticsearch.transport.Netty3Plugin]
2018-02-16 15:18:33 [main] INFO  PluginsService:178 - loaded plugin [org.elasticsearch.transport.Netty4Plugin]
2018-02-16 15:19:01 [main] INFO  PluginsService:175 - no modules loaded
2018-02-16 15:19:01 [main] INFO  PluginsService:178 - loaded plugin [org.elasticsearch.index.reindex.ReindexPlugin]
2018-02-16 15:19:01 [main] INFO  PluginsService:178 - loaded plugin [org.elasticsearch.join.ParentJoinPlugin]
2018-02-16 15:19:01 [main] INFO  PluginsService:178 - loaded plugin [org.elasticsearch.percolator.PercolatorPlugin]
2018-02-16 15:19:01 [main] INFO  PluginsService:178 - loaded plugin [org.elasticsearch.script.mustache.MustachePlugin]
2018-02-16 15:19:01 [main] INFO  PluginsService:178 - loaded plugin [org.elasticsearch.transport.Netty3Plugin]
2018-02-16 15:19:01 [main] INFO  PluginsService:178 - loaded plugin [org.elasticsearch.transport.Netty4Plugin]
2018-02-16 15:22:16 [main] INFO  PluginsService:175 - no modules loaded
2018-02-16 15:22:16 [main] INFO  PluginsService:178 - loaded plugin [org.elasticsearch.index.reindex.ReindexPlugin]
2018-02-16 15:22:16 [main] INFO  PluginsService:178 - loaded plugin [org.elasticsearch.join.ParentJoinPlugin]
2018-02-16 15:22:16 [main] INFO  PluginsService:178 - loaded plugin [org.elasticsearch.percolator.PercolatorPlugin]
2018-02-16 15:22:16 [main] INFO  PluginsService:178 - loaded plugin [org.elasticsearch.script.mustache.MustachePlugin]
2018-02-16 15:22:16 [main] INFO  PluginsService:178 - loaded plugin [org.elasticsearch.transport.Netty3Plugin]
2018-02-16 15:22:16 [main] INFO  PluginsService:178 - loaded plugin [org.elasticsearch.transport.Netty4Plugin]
2018-02-16 16:05:42 [main] INFO  PluginsService:175 - no modules loaded
2018-02-16 16:05:42 [main] INFO  PluginsService:178 - loaded plugin [org.elasticsearch.index.reindex.ReindexPlugin]
2018-02-16 16:05:42 [main] INFO  PluginsService:178 - loaded plugin [org.elasticsearch.join.ParentJoinPlugin]
2018-02-16 16:05:42 [main] INFO  PluginsService:178 - loaded plugin [org.elasticsearch.percolator.PercolatorPlugin]
2018-02-16 16:05:42 [main] INFO  PluginsService:178 - loaded plugin [org.elasticsearch.script.mustache.MustachePlugin]
2018-02-16 16:05:42 [main] INFO  PluginsService:178 - loaded plugin [org.elasticsearch.transport.Netty3Plugin]
2018-02-16 16:05:42 [main] INFO  PluginsService:178 - loaded plugin [org.elasticsearch.transport.Netty4Plugin]
2018-02-16 16:06:48 [main] INFO  PluginsService:175 - no modules loaded
2018-02-16 16:06:48 [main] INFO  PluginsService:178 - loaded plugin [org.elasticsearch.index.reindex.ReindexPlugin]
2018-02-16 16:06:48 [main] INFO  PluginsService:178 - loaded plugin [org.elasticsearch.join.ParentJoinPlugin]
2018-02-16 16:06:48 [main] INFO  PluginsService:178 - loaded plugin [org.elasticsearch.percolator.PercolatorPlugin]
2018-02-16 16:06:48 [main] INFO  PluginsService:178 - loaded plugin [org.elasticsearch.script.mustache.MustachePlugin]
2018-02-16 16:06:48 [main] INFO  PluginsService:178 - loaded plugin [org.elasticsearch.transport.Netty3Plugin]
2018-02-16 16:06:48 [main] INFO  PluginsService:178 - loaded plugin [org.elasticsearch.transport.Netty4Plugin]
2018-02-16 16:38:44 [main] INFO  PluginsService:175 - no modules loaded
2018-02-16 16:38:44 [main] INFO  PluginsService:178 - loaded plugin [org.elasticsearch.index.reindex.ReindexPlugin]
2018-02-16 16:38:44 [main] INFO  PluginsService:178 - loaded plugin [org.elasticsearch.join.ParentJoinPlugin]
2018-02-16 16:38:44 [main] INFO  PluginsService:178 - loaded plugin [org.elasticsearch.percolator.PercolatorPlugin]
2018-02-16 16:38:44 [main] INFO  PluginsService:178 - loaded plugin [org.elasticsearch.script.mustache.MustachePlugin]
2018-02-16 16:38:44 [main] INFO  PluginsService:178 - loaded plugin [org.elasticsearch.transport.Netty3Plugin]
2018-02-16 16:38:44 [main] INFO  PluginsService:178 - loaded plugin [org.elasticsearch.transport.Netty4Plugin]
2018-02-16 16:40:08 [main] INFO  PluginsService:175 - no modules loaded
2018-02-16 16:40:08 [main] INFO  PluginsService:178 - loaded plugin [org.elasticsearch.index.reindex.ReindexPlugin]
2018-02-16 16:40:08 [main] INFO  PluginsService:178 - loaded plugin [org.elasticsearch.join.ParentJoinPlugin]
2018-02-16 16:40:08 [main] INFO  PluginsService:178 - loaded plugin [org.elasticsearch.percolator.PercolatorPlugin]
2018-02-16 16:40:08 [main] INFO  PluginsService:178 - loaded plugin [org.elasticsearch.script.mustache.MustachePlugin]
2018-02-16 16:40:08 [main] INFO  PluginsService:178 - loaded plugin [org.elasticsearch.transport.Netty3Plugin]
2018-02-16 16:40:08 [main] INFO  PluginsService:178 - loaded plugin [org.elasticsearch.transport.Netty4Plugin]
2018-02-16 16:41:37 [main] INFO  PluginsService:175 - no modules loaded
2018-02-16 16:41:37 [main] INFO  PluginsService:178 - loaded plugin [org.elasticsearch.index.reindex.ReindexPlugin]
2018-02-16 16:41:37 [main] INFO  PluginsService:178 - loaded plugin [org.elasticsearch.join.ParentJoinPlugin]
2018-02-16 16:41:37 [main] INFO  PluginsService:178 - loaded plugin [org.elasticsearch.percolator.PercolatorPlugin]
2018-02-16 16:41:37 [main] INFO  PluginsService:178 - loaded plugin [org.elasticsearch.script.mustache.MustachePlugin]
2018-02-16 16:41:37 [main] INFO  PluginsService:178 - loaded plugin [org.elasticsearch.transport.Netty3Plugin]
2018-02-16 16:41:37 [main] INFO  PluginsService:178 - loaded plugin [org.elasticsearch.transport.Netty4Plugin]
2018-02-16 16:49:13 [main] INFO  PluginsService:175 - no modules loaded
2018-02-16 16:49:13 [main] INFO  PluginsService:178 - loaded plugin [org.elasticsearch.index.reindex.ReindexPlugin]
2018-02-16 16:49:13 [main] INFO  PluginsService:178 - loaded plugin [org.elasticsearch.join.ParentJoinPlugin]
2018-02-16 16:49:13 [main] INFO  PluginsService:178 - loaded plugin [org.elasticsearch.percolator.PercolatorPlugin]
2018-02-16 16:49:13 [main] INFO  PluginsService:178 - loaded plugin [org.elasticsearch.script.mustache.MustachePlugin]
2018-02-16 16:49:13 [main] INFO  PluginsService:178 - loaded plugin [org.elasticsearch.transport.Netty3Plugin]
2018-02-16 16:49:13 [main] INFO  PluginsService:178 - loaded plugin [org.elasticsearch.transport.Netty4Plugin]
2018-02-16 16:50:42 [main] INFO  PluginsService:175 - no modules loaded
2018-02-16 16:50:42 [main] INFO  PluginsService:178 - loaded plugin [org.elasticsearch.index.reindex.ReindexPlugin]
2018-02-16 16:50:42 [main] INFO  PluginsService:178 - loaded plugin [org.elasticsearch.join.ParentJoinPlugin]
2018-02-16 16:50:42 [main] INFO  PluginsService:178 - loaded plugin [org.elasticsearch.percolator.PercolatorPlugin]
2018-02-16 16:50:42 [main] INFO  PluginsService:178 - loaded plugin [org.elasticsearch.script.mustache.MustachePlugin]
2018-02-16 16:50:42 [main] INFO  PluginsService:178 - loaded plugin [org.elasticsearch.transport.Netty3Plugin]
2018-02-16 16:50:42 [main] INFO  PluginsService:178 - loaded plugin [org.elasticsearch.transport.Netty4Plugin]
2018-02-16 16:51:55 [main] INFO  PluginsService:175 - no modules loaded
2018-02-16 16:51:55 [main] INFO  PluginsService:178 - loaded plugin [org.elasticsearch.index.reindex.ReindexPlugin]
2018-02-16 16:51:55 [main] INFO  PluginsService:178 - loaded plugin [org.elasticsearch.join.ParentJoinPlugin]
2018-02-16 16:51:55 [main] INFO  PluginsService:178 - loaded plugin [org.elasticsearch.percolator.PercolatorPlugin]
2018-02-16 16:51:55 [main] INFO  PluginsService:178 - loaded plugin [org.elasticsearch.script.mustache.MustachePlugin]
2018-02-16 16:51:55 [main] INFO  PluginsService:178 - loaded plugin [org.elasticsearch.transport.Netty3Plugin]
2018-02-16 16:51:55 [main] INFO  PluginsService:178 - loaded plugin [org.elasticsearch.transport.Netty4Plugin]
2018-02-16 16:52:28 [main] INFO  PluginsService:175 - no modules loaded
2018-02-16 16:52:28 [main] INFO  PluginsService:178 - loaded plugin [org.elasticsearch.index.reindex.ReindexPlugin]
2018-02-16 16:52:28 [main] INFO  PluginsService:178 - loaded plugin [org.elasticsearch.join.ParentJoinPlugin]
2018-02-16 16:52:28 [main] INFO  PluginsService:178 - loaded plugin [org.elasticsearch.percolator.PercolatorPlugin]
2018-02-16 16:52:28 [main] INFO  PluginsService:178 - loaded plugin [org.elasticsearch.script.mustache.MustachePlugin]
2018-02-16 16:52:28 [main] INFO  PluginsService:178 - loaded plugin [org.elasticsearch.transport.Netty3Plugin]
2018-02-16 16:52:28 [main] INFO  PluginsService:178 - loaded plugin [org.elasticsearch.transport.Netty4Plugin]
2018-02-16 16:53:35 [main] INFO  PluginsService:175 - no modules loaded
2018-02-16 16:53:35 [main] INFO  PluginsService:178 - loaded plugin [org.elasticsearch.index.reindex.ReindexPlugin]
2018-02-16 16:53:35 [main] INFO  PluginsService:178 - loaded plugin [org.elasticsearch.join.ParentJoinPlugin]
2018-02-16 16:53:35 [main] INFO  PluginsService:178 - loaded plugin [org.elasticsearch.percolator.PercolatorPlugin]
2018-02-16 16:53:35 [main] INFO  PluginsService:178 - loaded plugin [org.elasticsearch.script.mustache.MustachePlugin]
2018-02-16 16:53:35 [main] INFO  PluginsService:178 - loaded plugin [org.elasticsearch.transport.Netty3Plugin]
2018-02-16 16:53:35 [main] INFO  PluginsService:178 - loaded plugin [org.elasticsearch.transport.Netty4Plugin]
2018-02-16 16:54:36 [main] INFO  PluginsService:175 - no modules loaded
2018-02-16 16:54:36 [main] INFO  PluginsService:178 - loaded plugin [org.elasticsearch.index.reindex.ReindexPlugin]
2018-02-16 16:54:36 [main] INFO  PluginsService:178 - loaded plugin [org.elasticsearch.join.ParentJoinPlugin]
2018-02-16 16:54:36 [main] INFO  PluginsService:178 - loaded plugin [org.elasticsearch.percolator.PercolatorPlugin]
2018-02-16 16:54:36 [main] INFO  PluginsService:178 - loaded plugin [org.elasticsearch.script.mustache.MustachePlugin]
2018-02-16 16:54:36 [main] INFO  PluginsService:178 - loaded plugin [org.elasticsearch.transport.Netty3Plugin]
2018-02-16 16:54:36 [main] INFO  PluginsService:178 - loaded plugin [org.elasticsearch.transport.Netty4Plugin]
2018-02-16 17:01:29 [main] INFO  PluginsService:175 - no modules loaded
2018-02-16 17:01:29 [main] INFO  PluginsService:178 - loaded plugin [org.elasticsearch.index.reindex.ReindexPlugin]
2018-02-16 17:01:29 [main] INFO  PluginsService:178 - loaded plugin [org.elasticsearch.join.ParentJoinPlugin]
2018-02-16 17:01:29 [main] INFO  PluginsService:178 - loaded plugin [org.elasticsearch.percolator.PercolatorPlugin]
2018-02-16 17:01:29 [main] INFO  PluginsService:178 - loaded plugin [org.elasticsearch.script.mustache.MustachePlugin]
2018-02-16 17:01:29 [main] INFO  PluginsService:178 - loaded plugin [org.elasticsearch.transport.Netty3Plugin]
2018-02-16 17:01:29 [main] INFO  PluginsService:178 - loaded plugin [org.elasticsearch.transport.Netty4Plugin]
2018-02-16 17:52:42 [main] INFO  PluginsService:175 - no modules loaded
2018-02-16 17:52:42 [main] INFO  PluginsService:178 - loaded plugin [org.elasticsearch.index.reindex.ReindexPlugin]
2018-02-16 17:52:42 [main] INFO  PluginsService:178 - loaded plugin [org.elasticsearch.join.ParentJoinPlugin]
2018-02-16 17:52:42 [main] INFO  PluginsService:178 - loaded plugin [org.elasticsearch.percolator.PercolatorPlugin]
2018-02-16 17:52:42 [main] INFO  PluginsService:178 - loaded plugin [org.elasticsearch.script.mustache.MustachePlugin]
2018-02-16 17:52:42 [main] INFO  PluginsService:178 - loaded plugin [org.elasticsearch.transport.Netty3Plugin]
2018-02-16 17:52:42 [main] INFO  PluginsService:178 - loaded plugin [org.elasticsearch.transport.Netty4Plugin]
2018-02-16 17:53:21 [elasticsearch[_client_][generic][T#2]] WARN  PreBuiltTransportClient:123 - failed to execute failure callback on [com.sksamuel.elastic4s.Executable$$anon$2@3e5a9858]
org.elasticsearch.common.util.concurrent.EsRejectedExecutionException: rejected execution of org.elasticsearch.action.support.ThreadedActionListener$2@3225941b on EsThreadPoolExecutor[listener, org.elasticsearch.common.util.concurrent.EsThreadPoolExecutor@532d152[Terminated, pool size = 0, active threads = 0, queued tasks = 0, completed tasks = 0]]
	at org.elasticsearch.common.util.concurrent.EsAbortPolicy.rejectedExecution(EsAbortPolicy.java:50) ~[elasticsearch-5.5.2.jar:5.5.2]
	at java.util.concurrent.ThreadPoolExecutor.reject(ThreadPoolExecutor.java:823) ~[?:1.8.0_121]
	at java.util.concurrent.ThreadPoolExecutor.execute(ThreadPoolExecutor.java:1369) ~[?:1.8.0_121]
	at org.elasticsearch.common.util.concurrent.EsThreadPoolExecutor.doExecute(EsThreadPoolExecutor.java:94) ~[elasticsearch-5.5.2.jar:5.5.2]
	at org.elasticsearch.common.util.concurrent.EsThreadPoolExecutor.execute(EsThreadPoolExecutor.java:89) ~[elasticsearch-5.5.2.jar:5.5.2]
	at org.elasticsearch.action.support.ThreadedActionListener.onFailure(ThreadedActionListener.java:110) ~[elasticsearch-5.5.2.jar:5.5.2]
	at org.elasticsearch.client.transport.TransportClientNodesService$RetryListener.onFailure(TransportClientNodesService.java:291) ~[elasticsearch-5.5.2.jar:5.5.2]
	at org.elasticsearch.action.ActionListenerResponseHandler.handleException(ActionListenerResponseHandler.java:51) ~[elasticsearch-5.5.2.jar:5.5.2]
	at org.elasticsearch.transport.TransportService$ContextRestoreResponseHandler.handleException(TransportService.java:1067) ~[elasticsearch-5.5.2.jar:5.5.2]
	at org.elasticsearch.transport.TransportService$Adapter.lambda$onConnectionClosed$6(TransportService.java:893) ~[elasticsearch-5.5.2.jar:5.5.2]
	at org.elasticsearch.common.util.concurrent.ThreadContext$ContextPreservingRunnable.run(ThreadContext.java:569) [elasticsearch-5.5.2.jar:5.5.2]
	at java.util.concurrent.ThreadPoolExecutor.runWorker(ThreadPoolExecutor.java:1142) [?:1.8.0_121]
	at java.util.concurrent.ThreadPoolExecutor$Worker.run(ThreadPoolExecutor.java:617) [?:1.8.0_121]
	at java.lang.Thread.run(Thread.java:745) [?:1.8.0_121]
2018-02-16 18:13:19 [main] INFO  PluginsService:175 - no modules loaded
2018-02-16 18:13:19 [main] INFO  PluginsService:178 - loaded plugin [org.elasticsearch.index.reindex.ReindexPlugin]
2018-02-16 18:13:19 [main] INFO  PluginsService:178 - loaded plugin [org.elasticsearch.join.ParentJoinPlugin]
2018-02-16 18:13:19 [main] INFO  PluginsService:178 - loaded plugin [org.elasticsearch.percolator.PercolatorPlugin]
2018-02-16 18:13:19 [main] INFO  PluginsService:178 - loaded plugin [org.elasticsearch.script.mustache.MustachePlugin]
2018-02-16 18:13:19 [main] INFO  PluginsService:178 - loaded plugin [org.elasticsearch.transport.Netty3Plugin]
2018-02-16 18:13:19 [main] INFO  PluginsService:178 - loaded plugin [org.elasticsearch.transport.Netty4Plugin]
2018-02-16 18:13:22 [elasticsearch[_client_][generic][T#2]] WARN  PreBuiltTransportClient:123 - failed to execute failure callback on [com.sksamuel.elastic4s.Executable$$anon$2@12bd6f47]
org.elasticsearch.common.util.concurrent.EsRejectedExecutionException: rejected execution of org.elasticsearch.action.support.ThreadedActionListener$2@2f4d188 on EsThreadPoolExecutor[listener, org.elasticsearch.common.util.concurrent.EsThreadPoolExecutor@1176711f[Terminated, pool size = 0, active threads = 0, queued tasks = 0, completed tasks = 0]]
	at org.elasticsearch.common.util.concurrent.EsAbortPolicy.rejectedExecution(EsAbortPolicy.java:50) ~[elasticsearch-5.5.2.jar:5.5.2]
	at java.util.concurrent.ThreadPoolExecutor.reject(ThreadPoolExecutor.java:823) ~[?:1.8.0_121]
	at java.util.concurrent.ThreadPoolExecutor.execute(ThreadPoolExecutor.java:1369) ~[?:1.8.0_121]
	at org.elasticsearch.common.util.concurrent.EsThreadPoolExecutor.doExecute(EsThreadPoolExecutor.java:94) ~[elasticsearch-5.5.2.jar:5.5.2]
	at org.elasticsearch.common.util.concurrent.EsThreadPoolExecutor.execute(EsThreadPoolExecutor.java:89) ~[elasticsearch-5.5.2.jar:5.5.2]
	at org.elasticsearch.action.support.ThreadedActionListener.onFailure(ThreadedActionListener.java:110) ~[elasticsearch-5.5.2.jar:5.5.2]
	at org.elasticsearch.client.transport.TransportClientNodesService$RetryListener.onFailure(TransportClientNodesService.java:291) ~[elasticsearch-5.5.2.jar:5.5.2]
	at org.elasticsearch.action.ActionListenerResponseHandler.handleException(ActionListenerResponseHandler.java:51) ~[elasticsearch-5.5.2.jar:5.5.2]
	at org.elasticsearch.transport.TransportService$ContextRestoreResponseHandler.handleException(TransportService.java:1067) ~[elasticsearch-5.5.2.jar:5.5.2]
	at org.elasticsearch.transport.TransportService$Adapter.lambda$onConnectionClosed$6(TransportService.java:893) ~[elasticsearch-5.5.2.jar:5.5.2]
	at org.elasticsearch.common.util.concurrent.ThreadContext$ContextPreservingRunnable.run(ThreadContext.java:569) [elasticsearch-5.5.2.jar:5.5.2]
	at java.util.concurrent.ThreadPoolExecutor.runWorker(ThreadPoolExecutor.java:1142) [?:1.8.0_121]
	at java.util.concurrent.ThreadPoolExecutor$Worker.run(ThreadPoolExecutor.java:617) [?:1.8.0_121]
	at java.lang.Thread.run(Thread.java:745) [?:1.8.0_121]
2018-02-16 18:14:34 [main] INFO  PluginsService:175 - no modules loaded
2018-02-16 18:14:34 [main] INFO  PluginsService:178 - loaded plugin [org.elasticsearch.index.reindex.ReindexPlugin]
2018-02-16 18:14:34 [main] INFO  PluginsService:178 - loaded plugin [org.elasticsearch.join.ParentJoinPlugin]
2018-02-16 18:14:34 [main] INFO  PluginsService:178 - loaded plugin [org.elasticsearch.percolator.PercolatorPlugin]
2018-02-16 18:14:34 [main] INFO  PluginsService:178 - loaded plugin [org.elasticsearch.script.mustache.MustachePlugin]
2018-02-16 18:14:34 [main] INFO  PluginsService:178 - loaded plugin [org.elasticsearch.transport.Netty3Plugin]
2018-02-16 18:14:34 [main] INFO  PluginsService:178 - loaded plugin [org.elasticsearch.transport.Netty4Plugin]
2018-02-16 18:14:36 [elasticsearch[_client_][generic][T#2]] WARN  PreBuiltTransportClient:123 - failed to execute failure callback on [com.sksamuel.elastic4s.Executable$$anon$2@4aca345]
org.elasticsearch.common.util.concurrent.EsRejectedExecutionException: rejected execution of org.elasticsearch.action.support.ThreadedActionListener$2@27051971 on EsThreadPoolExecutor[listener, org.elasticsearch.common.util.concurrent.EsThreadPoolExecutor@6dd7d869[Terminated, pool size = 0, active threads = 0, queued tasks = 0, completed tasks = 0]]
	at org.elasticsearch.common.util.concurrent.EsAbortPolicy.rejectedExecution(EsAbortPolicy.java:50) ~[elasticsearch-5.5.2.jar:5.5.2]
	at java.util.concurrent.ThreadPoolExecutor.reject(ThreadPoolExecutor.java:823) ~[?:1.8.0_121]
	at java.util.concurrent.ThreadPoolExecutor.execute(ThreadPoolExecutor.java:1369) ~[?:1.8.0_121]
	at org.elasticsearch.common.util.concurrent.EsThreadPoolExecutor.doExecute(EsThreadPoolExecutor.java:94) ~[elasticsearch-5.5.2.jar:5.5.2]
	at org.elasticsearch.common.util.concurrent.EsThreadPoolExecutor.execute(EsThreadPoolExecutor.java:89) ~[elasticsearch-5.5.2.jar:5.5.2]
	at org.elasticsearch.action.support.ThreadedActionListener.onFailure(ThreadedActionListener.java:110) ~[elasticsearch-5.5.2.jar:5.5.2]
	at org.elasticsearch.client.transport.TransportClientNodesService$RetryListener.onFailure(TransportClientNodesService.java:291) ~[elasticsearch-5.5.2.jar:5.5.2]
	at org.elasticsearch.action.ActionListenerResponseHandler.handleException(ActionListenerResponseHandler.java:51) ~[elasticsearch-5.5.2.jar:5.5.2]
	at org.elasticsearch.transport.TransportService$ContextRestoreResponseHandler.handleException(TransportService.java:1067) ~[elasticsearch-5.5.2.jar:5.5.2]
	at org.elasticsearch.transport.TransportService$Adapter.lambda$onConnectionClosed$6(TransportService.java:893) ~[elasticsearch-5.5.2.jar:5.5.2]
	at org.elasticsearch.common.util.concurrent.ThreadContext$ContextPreservingRunnable.run(ThreadContext.java:569) [elasticsearch-5.5.2.jar:5.5.2]
	at java.util.concurrent.ThreadPoolExecutor.runWorker(ThreadPoolExecutor.java:1142) [?:1.8.0_121]
	at java.util.concurrent.ThreadPoolExecutor$Worker.run(ThreadPoolExecutor.java:617) [?:1.8.0_121]
	at java.lang.Thread.run(Thread.java:745) [?:1.8.0_121]
2018-02-16 19:48:18 [main] INFO  PluginsService:175 - no modules loaded
2018-02-16 19:48:18 [main] INFO  PluginsService:178 - loaded plugin [org.elasticsearch.index.reindex.ReindexPlugin]
2018-02-16 19:48:18 [main] INFO  PluginsService:178 - loaded plugin [org.elasticsearch.join.ParentJoinPlugin]
2018-02-16 19:48:18 [main] INFO  PluginsService:178 - loaded plugin [org.elasticsearch.percolator.PercolatorPlugin]
2018-02-16 19:48:18 [main] INFO  PluginsService:178 - loaded plugin [org.elasticsearch.script.mustache.MustachePlugin]
2018-02-16 19:48:18 [main] INFO  PluginsService:178 - loaded plugin [org.elasticsearch.transport.Netty3Plugin]
2018-02-16 19:48:18 [main] INFO  PluginsService:178 - loaded plugin [org.elasticsearch.transport.Netty4Plugin]
2018-02-19 15:07:00 [main] INFO  PluginsService:175 - no modules loaded
2018-02-19 15:07:01 [main] INFO  PluginsService:178 - loaded plugin [org.elasticsearch.index.reindex.ReindexPlugin]
2018-02-19 15:07:01 [main] INFO  PluginsService:178 - loaded plugin [org.elasticsearch.join.ParentJoinPlugin]
2018-02-19 15:07:01 [main] INFO  PluginsService:178 - loaded plugin [org.elasticsearch.percolator.PercolatorPlugin]
2018-02-19 15:07:01 [main] INFO  PluginsService:178 - loaded plugin [org.elasticsearch.script.mustache.MustachePlugin]
2018-02-19 15:07:01 [main] INFO  PluginsService:178 - loaded plugin [org.elasticsearch.transport.Netty3Plugin]
2018-02-19 15:07:01 [main] INFO  PluginsService:178 - loaded plugin [org.elasticsearch.transport.Netty4Plugin]
2018-02-19 15:08:43 [main] INFO  PluginsService:175 - no modules loaded
2018-02-19 15:08:43 [main] INFO  PluginsService:178 - loaded plugin [org.elasticsearch.index.reindex.ReindexPlugin]
2018-02-19 15:08:43 [main] INFO  PluginsService:178 - loaded plugin [org.elasticsearch.join.ParentJoinPlugin]
2018-02-19 15:08:43 [main] INFO  PluginsService:178 - loaded plugin [org.elasticsearch.percolator.PercolatorPlugin]
2018-02-19 15:08:43 [main] INFO  PluginsService:178 - loaded plugin [org.elasticsearch.script.mustache.MustachePlugin]
2018-02-19 15:08:43 [main] INFO  PluginsService:178 - loaded plugin [org.elasticsearch.transport.Netty3Plugin]
2018-02-19 15:08:43 [main] INFO  PluginsService:178 - loaded plugin [org.elasticsearch.transport.Netty4Plugin]
2018-02-19 15:10:51 [main] INFO  PluginsService:175 - no modules loaded
2018-02-19 15:10:51 [main] INFO  PluginsService:178 - loaded plugin [org.elasticsearch.index.reindex.ReindexPlugin]
2018-02-19 15:10:51 [main] INFO  PluginsService:178 - loaded plugin [org.elasticsearch.join.ParentJoinPlugin]
2018-02-19 15:10:51 [main] INFO  PluginsService:178 - loaded plugin [org.elasticsearch.percolator.PercolatorPlugin]
2018-02-19 15:10:51 [main] INFO  PluginsService:178 - loaded plugin [org.elasticsearch.script.mustache.MustachePlugin]
2018-02-19 15:10:51 [main] INFO  PluginsService:178 - loaded plugin [org.elasticsearch.transport.Netty3Plugin]
2018-02-19 15:10:51 [main] INFO  PluginsService:178 - loaded plugin [org.elasticsearch.transport.Netty4Plugin]
2018-02-19 15:13:29 [main] INFO  PluginsService:175 - no modules loaded
2018-02-19 15:13:29 [main] INFO  PluginsService:178 - loaded plugin [org.elasticsearch.index.reindex.ReindexPlugin]
2018-02-19 15:13:29 [main] INFO  PluginsService:178 - loaded plugin [org.elasticsearch.join.ParentJoinPlugin]
2018-02-19 15:13:29 [main] INFO  PluginsService:178 - loaded plugin [org.elasticsearch.percolator.PercolatorPlugin]
2018-02-19 15:13:29 [main] INFO  PluginsService:178 - loaded plugin [org.elasticsearch.script.mustache.MustachePlugin]
2018-02-19 15:13:29 [main] INFO  PluginsService:178 - loaded plugin [org.elasticsearch.transport.Netty3Plugin]
2018-02-19 15:13:29 [main] INFO  PluginsService:178 - loaded plugin [org.elasticsearch.transport.Netty4Plugin]
2018-02-19 15:14:06 [main] INFO  PluginsService:175 - no modules loaded
2018-02-19 15:14:06 [main] INFO  PluginsService:178 - loaded plugin [org.elasticsearch.index.reindex.ReindexPlugin]
2018-02-19 15:14:06 [main] INFO  PluginsService:178 - loaded plugin [org.elasticsearch.join.ParentJoinPlugin]
2018-02-19 15:14:06 [main] INFO  PluginsService:178 - loaded plugin [org.elasticsearch.percolator.PercolatorPlugin]
2018-02-19 15:14:06 [main] INFO  PluginsService:178 - loaded plugin [org.elasticsearch.script.mustache.MustachePlugin]
2018-02-19 15:14:06 [main] INFO  PluginsService:178 - loaded plugin [org.elasticsearch.transport.Netty3Plugin]
2018-02-19 15:14:06 [main] INFO  PluginsService:178 - loaded plugin [org.elasticsearch.transport.Netty4Plugin]
2018-02-19 15:14:20 [main] INFO  PluginsService:175 - no modules loaded
2018-02-19 15:14:20 [main] INFO  PluginsService:178 - loaded plugin [org.elasticsearch.index.reindex.ReindexPlugin]
2018-02-19 15:14:20 [main] INFO  PluginsService:178 - loaded plugin [org.elasticsearch.join.ParentJoinPlugin]
2018-02-19 15:14:20 [main] INFO  PluginsService:178 - loaded plugin [org.elasticsearch.percolator.PercolatorPlugin]
2018-02-19 15:14:20 [main] INFO  PluginsService:178 - loaded plugin [org.elasticsearch.script.mustache.MustachePlugin]
2018-02-19 15:14:20 [main] INFO  PluginsService:178 - loaded plugin [org.elasticsearch.transport.Netty3Plugin]
2018-02-19 15:14:20 [main] INFO  PluginsService:178 - loaded plugin [org.elasticsearch.transport.Netty4Plugin]
2018-02-19 16:47:35 [main] INFO  PluginsService:175 - no modules loaded
2018-02-19 16:47:35 [main] INFO  PluginsService:178 - loaded plugin [org.elasticsearch.index.reindex.ReindexPlugin]
2018-02-19 16:47:35 [main] INFO  PluginsService:178 - loaded plugin [org.elasticsearch.join.ParentJoinPlugin]
2018-02-19 16:47:35 [main] INFO  PluginsService:178 - loaded plugin [org.elasticsearch.percolator.PercolatorPlugin]
2018-02-19 16:47:35 [main] INFO  PluginsService:178 - loaded plugin [org.elasticsearch.script.mustache.MustachePlugin]
2018-02-19 16:47:35 [main] INFO  PluginsService:178 - loaded plugin [org.elasticsearch.transport.Netty3Plugin]
2018-02-19 16:47:35 [main] INFO  PluginsService:178 - loaded plugin [org.elasticsearch.transport.Netty4Plugin]
2018-02-19 16:48:12 [main] INFO  PluginsService:175 - no modules loaded
2018-02-19 16:48:12 [main] INFO  PluginsService:178 - loaded plugin [org.elasticsearch.index.reindex.ReindexPlugin]
2018-02-19 16:48:12 [main] INFO  PluginsService:178 - loaded plugin [org.elasticsearch.join.ParentJoinPlugin]
2018-02-19 16:48:12 [main] INFO  PluginsService:178 - loaded plugin [org.elasticsearch.percolator.PercolatorPlugin]
2018-02-19 16:48:12 [main] INFO  PluginsService:178 - loaded plugin [org.elasticsearch.script.mustache.MustachePlugin]
2018-02-19 16:48:12 [main] INFO  PluginsService:178 - loaded plugin [org.elasticsearch.transport.Netty3Plugin]
2018-02-19 16:48:12 [main] INFO  PluginsService:178 - loaded plugin [org.elasticsearch.transport.Netty4Plugin]
2018-02-19 16:51:13 [main] INFO  PluginsService:175 - no modules loaded
2018-02-19 16:51:13 [main] INFO  PluginsService:178 - loaded plugin [org.elasticsearch.index.reindex.ReindexPlugin]
2018-02-19 16:51:13 [main] INFO  PluginsService:178 - loaded plugin [org.elasticsearch.join.ParentJoinPlugin]
2018-02-19 16:51:13 [main] INFO  PluginsService:178 - loaded plugin [org.elasticsearch.percolator.PercolatorPlugin]
2018-02-19 16:51:13 [main] INFO  PluginsService:178 - loaded plugin [org.elasticsearch.script.mustache.MustachePlugin]
2018-02-19 16:51:13 [main] INFO  PluginsService:178 - loaded plugin [org.elasticsearch.transport.Netty3Plugin]
2018-02-19 16:51:13 [main] INFO  PluginsService:178 - loaded plugin [org.elasticsearch.transport.Netty4Plugin]
2018-02-19 17:11:43 [main] INFO  PluginsService:175 - no modules loaded
2018-02-19 17:11:43 [main] INFO  PluginsService:178 - loaded plugin [org.elasticsearch.index.reindex.ReindexPlugin]
2018-02-19 17:11:43 [main] INFO  PluginsService:178 - loaded plugin [org.elasticsearch.join.ParentJoinPlugin]
2018-02-19 17:11:43 [main] INFO  PluginsService:178 - loaded plugin [org.elasticsearch.percolator.PercolatorPlugin]
2018-02-19 17:11:43 [main] INFO  PluginsService:178 - loaded plugin [org.elasticsearch.script.mustache.MustachePlugin]
2018-02-19 17:11:43 [main] INFO  PluginsService:178 - loaded plugin [org.elasticsearch.transport.Netty3Plugin]
2018-02-19 17:11:43 [main] INFO  PluginsService:178 - loaded plugin [org.elasticsearch.transport.Netty4Plugin]
2018-02-19 18:35:13 [main] INFO  PluginsService:175 - no modules loaded
2018-02-19 18:35:13 [main] INFO  PluginsService:178 - loaded plugin [org.elasticsearch.index.reindex.ReindexPlugin]
2018-02-19 18:35:13 [main] INFO  PluginsService:178 - loaded plugin [org.elasticsearch.join.ParentJoinPlugin]
2018-02-19 18:35:13 [main] INFO  PluginsService:178 - loaded plugin [org.elasticsearch.percolator.PercolatorPlugin]
2018-02-19 18:35:13 [main] INFO  PluginsService:178 - loaded plugin [org.elasticsearch.script.mustache.MustachePlugin]
2018-02-19 18:35:13 [main] INFO  PluginsService:178 - loaded plugin [org.elasticsearch.transport.Netty3Plugin]
2018-02-19 18:35:13 [main] INFO  PluginsService:178 - loaded plugin [org.elasticsearch.transport.Netty4Plugin]
